<?xml version="1.0" encoding="UTF-8"?>
<testsuite xmlns:xsi="http://www.w3.org/2001/XMLSchema-instance" xsi:noNamespaceSchemaLocation="https://maven.apache.org/surefire/maven-surefire-plugin/xsd/surefire-test-report-3.0.xsd" version="3.0" name="com.project.calculator.CalculatorServiceApplicationTests" time="4.17" tests="1" errors="0" skipped="0" failures="0">
  <properties>
[...]
</properties>
  <testcase name="contextLoads" classname="com.project.calculator.CalculatorServiceApplicationTests" time="0.934">
    <system-out><![CDATA[11:24:54.088 [main] INFO org.springframework.test.context.support.AnnotationConfigContextLoaderUtils -- Could not detect default configuration classes for test class [com.project.calculator.CalculatorServiceApplicationTests]: CalculatorServiceApplicationTests does not declare any static, non-private, non-final, nested classes annotated with @Configuration.
11:24:54.223 [main] INFO org.springframework.boot.test.context.SpringBootTestContextBootstrapper -- Found @SpringBootConfiguration com.project.calculator.CalculatorServiceApplication for test class com.project.calculator.CalculatorServiceApplicationTests

  .   ____          _            __ _ _
 /\\ / ___'_ __ _ _(_)_ __  __ _ \ \ \ \
( ( )\___ | '_ | '_| | '_ \/ _` | \ \ \ \
 \\/  ___)| |_)| | | | | || (_| |  ) ) ) )
  '  |____| .__|_| |_|_| |_\__, | / / / /
 =========|_|==============|___/=/_/_/_/

 :: Spring Boot ::                (v3.3.4)

2026-04-24T11:24:54.923+05:30  INFO 11000 --- [           main] c.p.c.CalculatorServiceApplicationTests  : Starting CalculatorServiceApplicationTests using Java 21.0.9 with PID 11000 (started by HarshKumar1 in C:\EPAM\codeval-orchestrator\backend)
2026-04-24T11:24:54.928+05:30  INFO 11000 --- [           main] c.p.c.CalculatorServiceApplicationTests  : No active profile set, falling back to 1 default profile: "default"
2026-04-24T11:24:56.924+05:30  INFO 11000 --- [           main] o.s.b.a.e.web.EndpointLinksResolver      : Exposing 1 endpoint beneath base path '/actuator'
2026-04-24T11:24:56.994+05:30  INFO 11000 --- [           main] c.p.c.CalculatorServiceApplicationTests  : Started CalculatorServiceApplicationTests in 2.54 seconds (process running for 3.923)
]]></system-out>
    <system-err><![CDATA[WARNING: A Java agent has been loaded dynamically (C:\Users\HarshKumar1\.m2\repository\net\bytebuddy\byte-buddy-agent\1.14.19\byte-buddy-agent-1.14.19.jar)
WARNING: If a serviceability tool is in use, please run with -XX:+EnableDynamicAgentLoading to hide this warning
WARNING: If a serviceability tool is not in use, please run with -Djdk.instrument.traceUsage for more information
WARNING: Dynamic loading of agents will be disallowed by default in a future release
]]></system-err>
  </testcase>
</testsuite>